<?xml version="1.0" encoding="UTF-8"?>
<!-- Generated by org.testng.reporters.JUnitReportReporter -->
<testsuite hostname="LTIN333384" failures="0" tests="16" name="testPack.HeaderTest" time="65.915" errors="0" timestamp="2024-02-14T10:30:09 IST" skipped="0">
  <testcase classname="testPack.HeaderTest" name="company" time="1.934"/>
  <testcase classname="testPack.HeaderTest" name="company" time="0.728"/>
  <testcase classname="testPack.HeaderTest" name="serviceLines" time="4.635"/>
  <testcase classname="testPack.HeaderTest" name="serviceLines" time="4.338"/>
  <testcase classname="testPack.HeaderTest" name="salesResources" time="1.384"/>
  <testcase classname="testPack.HeaderTest" name="salesResources" time="1.373"/>
  <testcase classname="testPack.HeaderTest" name="marketsAndCountries" time="8.070"/>
  <testcase classname="testPack.HeaderTest" name="marketsAndCountries" time="7.844"/>
  <testcase classname="testPack.HeaderTest" name="corporateFunctions" time="7.307"/>
  <testcase classname="testPack.HeaderTest" name="corporateFunctions" time="7.426"/>
  <testcase classname="testPack.HeaderTest" name="people" time="4.202"/>
  <testcase classname="testPack.HeaderTest" name="people" time="4.266"/>
  <testcase classname="testPack.HeaderTest" name="userValidation" time="2.104"/>
  <testcase classname="testPack.HeaderTest" name="userValidation" time="1.208"/>
  <testcase classname="testPack.HeaderTest" name="ethicsAndCompilance" time="4.512"/>
  <testcase classname="testPack.HeaderTest" name="ethicsAndCompilance" time="4.584"/>
</testsuite> <!-- testPack.HeaderTest -->
